2016-03-04 00:30:51,383:383.219003677 - ubuntu_sso.utils.translation - WARNING - Translations not found, using null translator.
2016-03-04 00:30:51,755:755.577087402 - ubuntu_sso.main - INFO - Setting up Ubuntu SSO service.
2016-03-04 00:30:51,991:991.908073425 - ubuntu_sso.main - INFO - Ubuntu SSO service started.
2016-03-04 00:30:51,992:992.172002792 - ubuntu_sso.account - INFO - Creating a new SSO access layer for service url u'https://login.ubuntu.com/api/1.0/'
2016-03-04 00:30:52,058:58.0019950867 - ubuntu_sso.credentials - INFO - find_credentials: self.app_name dbus.String(u'Ubuntu Software Center'), result is {}? True
2016-03-04 00:30:52,058:58.3128929138 - ubuntu_sso.main - INFO - 'CredentialsManagement': emitting 'CredentialsNotFound' with args (dbus.String(u'Ubuntu Software Center'),) and kwargs {}
2016-03-04 00:31:02,082:82.6721191406 - ubuntu_sso.main - INFO - Shutting down, calling <function shutdown_func at 0x7f0bbec84398>.
2016-03-04 00:35:54,318:318.345069885 - ubuntu_sso.utils.translation - WARNING - Translations not found, using null translator.
2016-03-04 00:35:54,652:652.503013611 - ubuntu_sso.main - INFO - Setting up Ubuntu SSO service.
2016-03-04 00:35:54,882:882.364034653 - ubuntu_sso.main - INFO - Ubuntu SSO service started.
2016-03-04 00:35:54,882:882.894992828 - ubuntu_sso.account - INFO - Creating a new SSO access layer for service url u'https://login.ubuntu.com/api/1.0/'
2016-03-04 00:35:54,931:931.818962097 - ubuntu_sso.credentials - INFO - find_credentials: self.app_name dbus.String(u'Ubuntu Software Center'), result is {}? True
2016-03-04 00:35:54,932:932.445049286 - ubuntu_sso.main - INFO - 'CredentialsManagement': emitting 'CredentialsNotFound' with args (dbus.String(u'Ubuntu Software Center'),) and kwargs {}
2016-03-04 00:36:04,953:953.207015991 - ubuntu_sso.main - INFO - Shutting down, calling <function shutdown_func at 0x7fa2e54ef398>.
2016-03-04 00:40:54,032:32.1850776672 - ubuntu_sso.utils.translation - WARNING - Translations not found, using null translator.
2016-03-04 00:40:54,335:335.705041885 - ubuntu_sso.main - INFO - Setting up Ubuntu SSO service.
2016-03-04 00:40:54,673:673.269033432 - ubuntu_sso.main - INFO - Ubuntu SSO service started.
2016-03-04 00:40:54,673:673.722982407 - ubuntu_sso.account - INFO - Creating a new SSO access layer for service url u'https://login.ubuntu.com/api/1.0/'
2016-03-04 00:40:54,727:727.503061295 - ubuntu_sso.credentials - INFO - find_credentials: self.app_name dbus.String(u'Ubuntu Software Center'), result is {}? True
2016-03-04 00:40:54,728:728.223085403 - ubuntu_sso.main - INFO - 'CredentialsManagement': emitting 'CredentialsNotFound' with args (dbus.String(u'Ubuntu Software Center'),) and kwargs {}
2016-03-04 00:41:04,743:743.115901947 - ubuntu_sso.main - INFO - Shutting down, calling <function shutdown_func at 0x7f1781dfc398>.
2016-03-05 22:26:29,433:433.301925659 - ubuntu_sso.utils.translation - WARNING - Translations not found, using null translator.
2016-03-05 22:26:29,836:836.532115936 - ubuntu_sso.main - INFO - Setting up Ubuntu SSO service.
2016-03-05 22:26:29,999:999.005079269 - ubuntu_sso.main - INFO - Ubuntu SSO service started.
2016-03-05 22:26:29,999:999.648094177 - ubuntu_sso.account - INFO - Creating a new SSO access layer for service url u'https://login.ubuntu.com/api/1.0/'
2016-03-05 22:26:30,068:68.5539245605 - ubuntu_sso.credentials - INFO - find_credentials: self.app_name dbus.String(u'Ubuntu One'), result is {}? True
2016-03-05 22:26:30,068:68.8910484314 - ubuntu_sso.main - INFO - 'CredentialsManagement': emitting 'CredentialsNotFound' with args (dbus.String(u'Ubuntu One'),) and kwargs {}
2016-03-05 22:26:40,088:88.9639854431 - ubuntu_sso.main - INFO - Shutting down, calling <function shutdown_func at 0x7f5c4f615398>.
2016-03-05 22:26:46,230:230.619907379 - ubuntu_sso.utils.translation - WARNING - Translations not found, using null translator.
2016-03-05 22:26:46,376:376.935958862 - ubuntu_sso.main - INFO - Setting up Ubuntu SSO service.
2016-03-05 22:26:46,422:422.283887863 - ubuntu_sso.main - INFO - Ubuntu SSO service started.
2016-03-05 22:26:46,422:422.914981842 - ubuntu_sso.account - INFO - Creating a new SSO access layer for service url u'https://login.ubuntu.com/api/1.0/'
2016-03-05 22:26:46,471:471.70996666 - ubuntu_sso.credentials - INFO - find_credentials: self.app_name dbus.String(u'Ubuntu One'), result is {}? True
2016-03-05 22:26:46,472:472.430944443 - ubuntu_sso.main - INFO - 'CredentialsManagement': emitting 'CredentialsNotFound' with args (dbus.String(u'Ubuntu One'),) and kwargs {}
2016-03-05 22:26:56,482:482.60307312 - ubuntu_sso.main - INFO - Shutting down, calling <function shutdown_func at 0x7f1d937d3398>.
2016-03-09 11:31:18,251:251.852989197 - ubuntu_sso.utils.translation - WARNING - Translations not found, using null translator.
2016-03-09 11:31:18,553:553.452014923 - ubuntu_sso.main - INFO - Setting up Ubuntu SSO service.
2016-03-09 11:31:18,683:683.737039566 - ubuntu_sso.main - INFO - Ubuntu SSO service started.
2016-03-09 11:31:18,684:684.001922607 - ubuntu_sso.account - INFO - Creating a new SSO access layer for service url u'https://login.ubuntu.com/api/1.0/'
2016-03-09 11:31:18,720:720.938920975 - ubuntu_sso.credentials - INFO - find_credentials: self.app_name dbus.String(u'Ubuntu One'), result is {}? True
2016-03-09 11:31:18,721:721.23003006 - ubuntu_sso.main - INFO - 'CredentialsManagement': emitting 'CredentialsNotFound' with args (dbus.String(u'Ubuntu One'),) and kwargs {}
2016-03-09 11:31:28,527:527.786970139 - ubuntu_sso.credentials - INFO - find_credentials: self.app_name dbus.String(u'Ubuntu One'), result is {}? True
2016-03-09 11:31:28,528:528.173923492 - ubuntu_sso.main - INFO - 'CredentialsManagement': emitting 'CredentialsNotFound' with args (dbus.String(u'Ubuntu One'),) and kwargs {}
2016-03-09 11:31:28,739:739.343881607 - ubuntu_sso.main - INFO - Shutting down, calling <function shutdown_func at 0x7f2b17c85398>.
2016-03-09 11:38:29,183:183.413982391 - ubuntu_sso.utils.translation - WARNING - Translations not found, using null translator.
2016-03-09 11:38:29,612:612.010955811 - ubuntu_sso.main - INFO - Setting up Ubuntu SSO service.
2016-03-09 11:38:29,948:948.997974396 - ubuntu_sso.main - INFO - Ubuntu SSO service started.
2016-03-09 11:38:29,949:949.402093887 - ubuntu_sso.account - INFO - Creating a new SSO access layer for service url u'https://login.ubuntu.com/api/1.0/'
2016-03-09 11:38:30,054:54.6131134033 - ubuntu_sso.credentials - INFO - find_credentials: self.app_name dbus.String(u'Ubuntu Software Center'), result is {}? True
2016-03-09 11:38:30,055:55.0870895386 - ubuntu_sso.main - INFO - 'CredentialsManagement': emitting 'CredentialsNotFound' with args (dbus.String(u'Ubuntu Software Center'),) and kwargs {}
2016-03-09 11:38:40,075:75.0269889832 - ubuntu_sso.main - INFO - Shutting down, calling <function shutdown_func at 0x7f1973fca398>.
2016-03-09 11:43:31,056:56.9128990173 - ubuntu_sso.utils.translation - WARNING - Translations not found, using null translator.
2016-03-09 11:43:31,153:153.398036957 - ubuntu_sso.main - INFO - Setting up Ubuntu SSO service.
2016-03-09 11:43:31,179:179.563999176 - ubuntu_sso.main - INFO - Ubuntu SSO service started.
2016-03-09 11:43:31,179:179.95595932 - ubuntu_sso.account - INFO - Creating a new SSO access layer for service url u'https://login.ubuntu.com/api/1.0/'
2016-03-09 11:43:31,199:199.965000153 - ubuntu_sso.credentials - INFO - find_credentials: self.app_name dbus.String(u'Ubuntu Software Center'), result is {}? True
2016-03-09 11:43:31,200:200.615882874 - ubuntu_sso.main - INFO - 'CredentialsManagement': emitting 'CredentialsNotFound' with args (dbus.String(u'Ubuntu Software Center'),) and kwargs {}
2016-03-09 11:43:41,210:210.203886032 - ubuntu_sso.main - INFO - Shutting down, calling <function shutdown_func at 0x7f16531ef398>.
2016-03-09 11:56:24,405:405.27510643 - ubuntu_sso.utils.translation - WARNING - Translations not found, using null translator.
2016-03-09 11:56:24,531:531.279087067 - ubuntu_sso.main - INFO - Setting up Ubuntu SSO service.
2016-03-09 11:56:24,634:634.622097015 - ubuntu_sso.main - INFO - Ubuntu SSO service started.
2016-03-09 11:56:24,634:634.991884232 - ubuntu_sso.account - INFO - Creating a new SSO access layer for service url u'https://login.ubuntu.com/api/1.0/'
2016-03-09 11:56:24,660:660.02202034 - ubuntu_sso.credentials - INFO - find_credentials: self.app_name dbus.String(u'Ubuntu Software Center'), result is {}? True
2016-03-09 11:56:24,660:660.444974899 - ubuntu_sso.main - INFO - 'CredentialsManagement': emitting 'CredentialsNotFound' with args (dbus.String(u'Ubuntu Software Center'),) and kwargs {}
2016-03-09 11:56:34,671:671.123981476 - ubuntu_sso.main - INFO - Shutting down, calling <function shutdown_func at 0x7fb81a9dc398>.
2016-03-09 12:01:24,917:917.037010193 - ubuntu_sso.utils.translation - WARNING - Translations not found, using null translator.
2016-03-09 12:01:24,958:958.013057709 - ubuntu_sso.main - INFO - Setting up Ubuntu SSO service.
2016-03-09 12:01:24,977:977.509975433 - ubuntu_sso.main - INFO - Ubuntu SSO service started.
2016-03-09 12:01:24,977:977.891921997 - ubuntu_sso.account - INFO - Creating a new SSO access layer for service url u'https://login.ubuntu.com/api/1.0/'
2016-03-09 12:01:24,990:990.825891495 - ubuntu_sso.credentials - INFO - find_credentials: self.app_name dbus.String(u'Ubuntu Software Center'), result is {}? True
2016-03-09 12:01:24,991:991.264104843 - ubuntu_sso.main - INFO - 'CredentialsManagement': emitting 'CredentialsNotFound' with args (dbus.String(u'Ubuntu Software Center'),) and kwargs {}
2016-03-09 12:01:34,998:998.100996017 - ubuntu_sso.main - INFO - Shutting down, calling <function shutdown_func at 0x7fca3b524398>.
2016-03-16 08:19:32,203:203.212976456 - ubuntu_sso.utils.translation - WARNING - Translations not found, using null translator.
2016-03-16 08:19:32,530:530.622959137 - ubuntu_sso.main - INFO - Setting up Ubuntu SSO service.
2016-03-16 08:19:32,891:891.891002655 - ubuntu_sso.main - INFO - Ubuntu SSO service started.
2016-03-16 08:19:32,892:892.283916473 - ubuntu_sso.account - INFO - Creating a new SSO access layer for service url u'https://login.ubuntu.com/api/1.0/'
2016-03-16 08:19:32,954:954.256057739 - ubuntu_sso.credentials - INFO - find_credentials: self.app_name dbus.String(u'Ubuntu Software Center'), result is {}? True
2016-03-16 08:19:32,954:954.710960388 - ubuntu_sso.main - INFO - 'CredentialsManagement': emitting 'CredentialsNotFound' with args (dbus.String(u'Ubuntu Software Center'),) and kwargs {}
2016-03-16 08:19:42,990:990.936994553 - ubuntu_sso.main - INFO - Shutting down, calling <function shutdown_func at 0x7f213000d398>.
2016-03-16 08:24:33,582:582.737922668 - ubuntu_sso.utils.translation - WARNING - Translations not found, using null translator.
2016-03-16 08:24:33,625:625.464916229 - ubuntu_sso.main - INFO - Setting up Ubuntu SSO service.
2016-03-16 08:24:33,643:643.327951431 - ubuntu_sso.main - INFO - Ubuntu SSO service started.
2016-03-16 08:24:33,643:643.723011017 - ubuntu_sso.account - INFO - Creating a new SSO access layer for service url u'https://login.ubuntu.com/api/1.0/'
2016-03-16 08:24:33,656:656.387090683 - ubuntu_sso.credentials - INFO - find_credentials: self.app_name dbus.String(u'Ubuntu Software Center'), result is {}? True
2016-03-16 08:24:33,656:656.794071198 - ubuntu_sso.main - INFO - 'CredentialsManagement': emitting 'CredentialsNotFound' with args (dbus.String(u'Ubuntu Software Center'),) and kwargs {}
2016-03-16 08:24:43,667:667.252063751 - ubuntu_sso.main - INFO - Shutting down, calling <function shutdown_func at 0x7fc3edd4a398>.
2016-03-21 18:31:03,143:143.618106842 - ubuntu_sso.utils.translation - WARNING - Translations not found, using null translator.
2016-03-21 18:31:03,452:452.002048492 - ubuntu_sso.main - INFO - Setting up Ubuntu SSO service.
2016-03-21 18:31:03,823:823.823928833 - ubuntu_sso.main - INFO - Ubuntu SSO service started.
2016-03-21 18:31:03,824:824.254989624 - ubuntu_sso.account - INFO - Creating a new SSO access layer for service url u'https://login.ubuntu.com/api/1.0/'
2016-03-21 18:31:03,887:887.002944946 - ubuntu_sso.credentials - INFO - find_credentials: self.app_name dbus.String(u'Ubuntu Software Center'), result is {}? True
2016-03-21 18:31:03,887:887.383937836 - ubuntu_sso.main - INFO - 'CredentialsManagement': emitting 'CredentialsNotFound' with args (dbus.String(u'Ubuntu Software Center'),) and kwargs {}
2016-03-21 18:31:13,912:912.837028503 - ubuntu_sso.main - INFO - Shutting down, calling <function shutdown_func at 0x7f12741c3398>.
2016-04-05 20:25:54,333:333.909034729 - ubuntu_sso.utils.translation - WARNING - Translations not found, using null translator.
2016-04-05 20:25:55,750:750.947952271 - ubuntu_sso.main - INFO - Setting up Ubuntu SSO service.
2016-04-05 20:25:56,845:845.653057098 - ubuntu_sso.main - INFO - Ubuntu SSO service started.
2016-04-05 20:25:56,846:846.029043198 - ubuntu_sso.account - INFO - Creating a new SSO access layer for service url u'https://login.ubuntu.com/api/1.0/'
2016-04-05 20:25:57,098:98.9050865173 - ubuntu_sso.credentials - INFO - find_credentials: self.app_name dbus.String(u'Ubuntu Software Center'), result is {}? True
2016-04-05 20:25:57,099:99.5240211487 - ubuntu_sso.main - INFO - 'CredentialsManagement': emitting 'CredentialsNotFound' with args (dbus.String(u'Ubuntu Software Center'),) and kwargs {}
2016-04-05 20:26:07,130:130.800962448 - ubuntu_sso.main - INFO - Shutting down, calling <function shutdown_func at 0x7f828c4f9398>.
2016-04-05 20:30:57,222:222.367048264 - ubuntu_sso.utils.translation - WARNING - Translations not found, using null translator.
2016-04-05 20:30:57,261:261.85798645 - ubuntu_sso.main - INFO - Setting up Ubuntu SSO service.
2016-04-05 20:30:57,279:279.982089996 - ubuntu_sso.main - INFO - Ubuntu SSO service started.
2016-04-05 20:30:57,280:280.34901619 - ubuntu_sso.account - INFO - Creating a new SSO access layer for service url u'https://login.ubuntu.com/api/1.0/'
2016-04-05 20:30:57,295:295.248985291 - ubuntu_sso.credentials - INFO - find_credentials: self.app_name dbus.String(u'Ubuntu Software Center'), result is {}? True
2016-04-05 20:30:57,295:295.686006546 - ubuntu_sso.main - INFO - 'CredentialsManagement': emitting 'CredentialsNotFound' with args (dbus.String(u'Ubuntu Software Center'),) and kwargs {}
2016-04-05 20:31:07,306:306.263923645 - ubuntu_sso.main - INFO - Shutting down, calling <function shutdown_func at 0x7f50c4c01398>.
2016-04-05 23:13:43,885:885.411024094 - ubuntu_sso.utils.translation - WARNING - Translations not found, using null translator.
2016-04-05 23:13:44,234:234.097003937 - ubuntu_sso.main - INFO - Setting up Ubuntu SSO service.
2016-04-05 23:13:44,483:483.062028885 - ubuntu_sso.main - INFO - Ubuntu SSO service started.
2016-04-05 23:13:44,483:483.465909958 - ubuntu_sso.account - INFO - Creating a new SSO access layer for service url u'https://login.ubuntu.com/api/1.0/'
2016-04-05 23:13:44,515:515.274047852 - ubuntu_sso.credentials - INFO - find_credentials: self.app_name dbus.String(u'Ubuntu Software Center'), result is {}? True
2016-04-05 23:13:44,515:515.741109848 - ubuntu_sso.main - INFO - 'CredentialsManagement': emitting 'CredentialsNotFound' with args (dbus.String(u'Ubuntu Software Center'),) and kwargs {}
2016-04-05 23:13:54,534:534.17801857 - ubuntu_sso.main - INFO - Shutting down, calling <function shutdown_func at 0x7faea1f23398>.
2016-04-05 23:18:45,740:740.138053894 - ubuntu_sso.utils.translation - WARNING - Translations not found, using null translator.
2016-04-05 23:18:45,892:892.358064651 - ubuntu_sso.main - INFO - Setting up Ubuntu SSO service.
2016-04-05 23:18:45,936:936.774015427 - ubuntu_sso.main - INFO - Ubuntu SSO service started.
2016-04-05 23:18:45,937:937.103033066 - ubuntu_sso.account - INFO - Creating a new SSO access layer for service url u'https://login.ubuntu.com/api/1.0/'
2016-04-05 23:18:45,961:961.509943008 - ubuntu_sso.credentials - INFO - find_credentials: self.app_name dbus.String(u'Ubuntu Software Center'), result is {}? True
2016-04-05 23:18:45,962:962.027072906 - ubuntu_sso.main - INFO - 'CredentialsManagement': emitting 'CredentialsNotFound' with args (dbus.String(u'Ubuntu Software Center'),) and kwargs {}
2016-04-05 23:18:55,972:972.012042999 - ubuntu_sso.main - INFO - Shutting down, calling <function shutdown_func at 0x7f1103a8c398>.
2016-04-06 00:05:33,518:518.47910881 - ubuntu_sso.utils.translation - WARNING - Translations not found, using null translator.
2016-04-06 00:05:33,681:681.188106537 - ubuntu_sso.main - INFO - Setting up Ubuntu SSO service.
2016-04-06 00:05:33,774:774.530887604 - ubuntu_sso.main - INFO - Ubuntu SSO service started.
2016-04-06 00:05:33,774:774.912118912 - ubuntu_sso.account - INFO - Creating a new SSO access layer for service url u'https://login.ubuntu.com/api/1.0/'
2016-04-06 00:05:33,833:833.551883698 - ubuntu_sso.credentials - INFO - find_credentials: self.app_name dbus.String(u'Ubuntu One'), result is {}? True
2016-04-06 00:05:33,834:834.517002106 - ubuntu_sso.main - INFO - 'CredentialsManagement': emitting 'CredentialsNotFound' with args (dbus.String(u'Ubuntu One'),) and kwargs {}
2016-04-06 00:05:43,857:857.568979263 - ubuntu_sso.main - INFO - Shutting down, calling <function shutdown_func at 0x7f8d6d4b0398>.
2016-04-06 00:05:51,343:343.467950821 - ubuntu_sso.utils.translation - WARNING - Translations not found, using null translator.
2016-04-06 00:05:51,823:823.518037796 - ubuntu_sso.main - INFO - Setting up Ubuntu SSO service.
2016-04-06 00:05:51,983:983.419895172 - ubuntu_sso.main - INFO - Ubuntu SSO service started.
2016-04-06 00:05:51,983:983.805894852 - ubuntu_sso.account - INFO - Creating a new SSO access layer for service url u'https://login.ubuntu.com/api/1.0/'
2016-04-06 00:05:52,050:50.7299900055 - ubuntu_sso.credentials - INFO - find_credentials: self.app_name dbus.String(u'Ubuntu One'), result is {}? True
2016-04-06 00:05:52,055:55.8590888977 - ubuntu_sso.main - INFO - 'CredentialsManagement': emitting 'CredentialsNotFound' with args (dbus.String(u'Ubuntu One'),) and kwargs {}
2016-04-06 00:06:02,110:110.805034637 - ubuntu_sso.main - INFO - Shutting down, calling <function shutdown_func at 0x7f1d4a431398>.
2016-04-12 21:28:40,412:412.318944931 - ubuntu_sso.utils.translation - WARNING - Translations not found, using null translator.
2016-04-12 21:28:40,850:850.400924683 - ubuntu_sso.main - INFO - Setting up Ubuntu SSO service.
2016-04-12 21:28:41,243:243.803024292 - ubuntu_sso.main - INFO - Ubuntu SSO service started.
2016-04-12 21:28:41,244:244.085073471 - ubuntu_sso.account - INFO - Creating a new SSO access layer for service url u'https://login.ubuntu.com/api/1.0/'
2016-04-12 21:28:41,390:390.162944794 - ubuntu_sso.credentials - INFO - find_credentials: self.app_name dbus.String(u'Ubuntu Software Center'), result is {}? True
2016-04-12 21:28:41,391:391.191005707 - ubuntu_sso.main - INFO - 'CredentialsManagement': emitting 'CredentialsNotFound' with args (dbus.String(u'Ubuntu Software Center'),) and kwargs {}
2016-04-12 21:28:51,421:421.150922775 - ubuntu_sso.main - INFO - Shutting down, calling <function shutdown_func at 0x7faaa563e398>.
2016-04-12 21:33:53,130:130.645036697 - ubuntu_sso.utils.translation - WARNING - Translations not found, using null translator.
2016-04-12 21:33:55,931:931.278944016 - ubuntu_sso.main - INFO - Setting up Ubuntu SSO service.
2016-04-12 21:33:58,765:765.832901001 - ubuntu_sso.main - INFO - Ubuntu SSO service started.
2016-04-12 21:33:58,766:766.21389389 - ubuntu_sso.account - INFO - Creating a new SSO access layer for service url u'https://login.ubuntu.com/api/1.0/'
2016-04-12 21:33:59,482:482.249975204 - ubuntu_sso.credentials - INFO - find_credentials: self.app_name dbus.String(u'Ubuntu Software Center'), result is {}? True
2016-04-12 21:33:59,482:482.755899429 - ubuntu_sso.main - INFO - 'CredentialsManagement': emitting 'CredentialsNotFound' with args (dbus.String(u'Ubuntu Software Center'),) and kwargs {}
2016-04-12 21:34:09,523:523.308992386 - ubuntu_sso.main - INFO - Shutting down, calling <function shutdown_func at 0x7f4b93dbc398>.
2016-04-12 21:38:42,331:331.219911575 - ubuntu_sso.utils.translation - WARNING - Translations not found, using null translator.
2016-04-12 21:38:42,389:389.77098465 - ubuntu_sso.main - INFO - Setting up Ubuntu SSO service.
2016-04-12 21:38:42,423:423.576116562 - ubuntu_sso.main - INFO - Ubuntu SSO service started.
2016-04-12 21:38:42,424:424.074888229 - ubuntu_sso.account - INFO - Creating a new SSO access layer for service url u'https://login.ubuntu.com/api/1.0/'
2016-04-12 21:38:42,453:453.792095184 - ubuntu_sso.credentials - INFO - find_credentials: self.app_name dbus.String(u'Ubuntu Software Center'), result is {}? True
2016-04-12 21:38:42,454:454.302072525 - ubuntu_sso.main - INFO - 'CredentialsManagement': emitting 'CredentialsNotFound' with args (dbus.String(u'Ubuntu Software Center'),) and kwargs {}
2016-04-12 21:38:52,464:464.740991592 - ubuntu_sso.main - INFO - Shutting down, calling <function shutdown_func at 0x7f186a7b8398>.
